00:40:03:70:4D
00:40:03:70:4D
00:40:03:70:4D
00:40:03:70:4D
00:40:03:70:4D
00:40:03:70:4D
00:C2:00:00:00:F0:FF:00:00:4F
00:C2:00:00:04:B0:FF:00:00:8B
00:C2:00:00:06:A0:FF:00:00:99
00:C2:00:00:08:A0:FF:00:00:97
00:C2:00:00:05:D0:FF:00:00:6A
00:C2:00:00:06:D0:FF:00:00:69
00:C2:00:00:06:B0:FF:00:00:89
00:C2:00:00:05:A0:FF:00:00:9A
00:C2:00:00:06:A0:FF:00:00:99
00:C2:00:00:09:B0:FF:00:00:86
00:C2:00:00:08:80:FF:00:00:B7
00:C2:00:00:06:B0:FF:00:00:89
00:C2:00:00:09:90:FF:00:00:A6
00:C2:00:00:09:A0:FF:00:00:96
00:C2:00:00:07:D0:FF:00:00:68
00:C2:00:00:08:90:FF:00:00:A7
00:C2:00:00:02:E0:FF:00:00:5D
00:4F:00:00:55:00:00:00:00:5C
00:C2:00:00:02:F0:FF:00:00:4D
00:C2:00:00:02:E0:FF:00:00:5D
00:C2:00:00:02:D0:FF:00:00:6D
00:C2:00:00:02:E0:FF:00:00:5D
00:C2:00:00:01:F0:FF:00:00:4E
00:4F:00:00:55:00:00:00:00:5C
00:C2:00:00:00:E0:FF:00:00:5F
00:C2:00:00:01:D0:FF:00:00:6E
00:C2:00:00:02:A0:FF:00:00:9D
00:C2:00:00:02:A0:FF:00:00:9D
00:C2:00:00:01:C0:FF:00:00:7E
00:C2:00:00:02:C0:FF:00:00:7D
00:C2:00:00:00:A0:FF:00:00:9F
00:C2:00:00:00:C0:FF:00:00:7F
00:C2:00:00:00:B0:FF:00:00:8F
00:C2:00:00:FE:DF:FF:00:00:62
00:C2:00:00:FD:BF:FF:00:00:83
00:C2:00:00:FC:CF:FF:00:00:74
00:C2:00:00:FD:CF:FF:00:00:73
00:C2:00:00:FA:EF:FF:00:00:56
00:C2:00:00:FD:EF:FF:00:00:53
00:C2:00:00:FB:FF:FF:00:00:45
00:C2:00:00:FC:FF:FF:00:00:44
00:C2:00:00:FC:0F:00:00:00:33
00:C2:00:00:FD:0F:00:00:00:32
00:C2:00:00:FE:0F:00:00:00:31
00:C2:00:00:FB:0F:00:00:00:34
00:C2:00:00:FC:2F:00:00:00:13
00:C2:00:00:FA:4F:00:00:00:F5
00:C2:00:00:FA:3F:00:00:00:05
00:C2:00:00:FA:7F:00:00:00:C5
00:C2:00:00:FA:5F:00:00:00:E5
00:C2:00:00:FA:9F:00:00:00:A5
00:C2:00:00:FC:8F:00:00:00:B3
00:C2:00:00:FB:9F:00:00:00:A4
00:C2:00:00:FE:8F:00:00:00:B1
00:C2:00:00:FD:9F:00:00:00:A2
00:C2:00:00:FE:9F:00:00:00:A1
00:C2:00:00:00:A0:00:00:00:9E
00:C2:00:00:00:80:00:00:00:BE
00:C2:00:00:00:70:00:00:00:CE
00:C2:00:00:00:50:00:00:00:EE
00:C2:00:00:00:60:00:00:00:DE
00:C2:00:00:01:50:00:00:00:ED
00:C2:00:00:03:30:00:00:00:0B
00:C2:00:00:05:10:00:00:00:29
00:C2:00:00:05:10:00:00:00:29
00:C2:00:00:07:00:00:00:00:37
00:C2:00:00:0A:00:00:00:00:34
00:C2:00:00:09:00:00:00:00:35
00:C2:00:00:07:00:00:00:00:37
00:C2:00:00:0C:F0:FF:00:00:43
00:C2:00:00:0D:D0:FF:00:00:62
00:C2:00:00:0E:C0:FF:00:00:71
00:C2:00:00:0E:A0:FF:00:00:91
00:C2:00:00:10:90:FF:00:00:9F
00:C2:00:00:11:90:FF:00:00:9E
00:C2:00:00:10:90:FF:00:00:9F
00:C2:00:00:0F:90:FF:00:00:A0
00:C2:00:00:0B:A0:FF:00:00:94
00:C2:00:00:0A:90:FF:00:00:A5
00:C2:00:00:09:A0:FF:00:00:96
00:C2:00:00:08:A0:FF:00:00:97
00:C2:00:00:05:A0:FF:00:00:9A
00:C2:00:00:05:A0:FF:00:00:9A
00:C2:00:00:02:B0:FF:00:00:8D
00:C2:00:00:01:B0:FF:00:00:8E
00:C2:00:00:00:B0:FF:00:00:8F
00:C2:00:00:00:A0:FF:00:00:9F
00:C2:00:00:00:A0:FF:00:00:9F
00:C2:00:00:00:B0:FF:00:00:8F
00:C2:00:00:FF:9F:FF:00:00:A1
00:C2:00:00:FB:CF:FF:00:00:75
00:C2:00:00:FD:BF:FF:00:00:83
00:C2:00:00:FA:BF:FF:00:00:86
00:C2:00:00:FD:CF:FF:00:00:73
00:C2:00:00:FA:DF:FF:00:00:66
00:C2:00:00:FC:DF:FF:00:00:64
00:C2:00:00:F9:CF:FF:00:00:77
00:C2:00:00:FB:EF:FF:00:00:55
00:C2:00:00:FC:FF:FF:00:00:44
00:C2:00:00:FC:0F:00:00:00:33
00:C2:00:00:F9:FF:FF:00:00:47
00:C2:00:00:FB:0F:00:00:00:34
00:C2:00:00:FA:0F:00:00:00:35
00:C2:00:00:F9:0F:00:00:00:36
00:C2:00:00:F9:0F:00:00:00:36
00:C2:00:00:FC:2F:00:00:00:13
00:C2:00:00:FB:3F:00:00:00:04
00:C2:00:00:FA:4F:00:00:00:F5
00:C2:00:00:FB:5F:00:00:00:E4
00:C2:00:00:FA:4F:00:00:00:F5
00:C2:00:00:FC:3F:00:00:00:03
00:C2:00:00:FA:6F:00:00:00:D5
00:C2:00:00:FB:6F:00:00:00:D4
00:C2:00:00:F9:8F:00:00:00:B6
00:C2:00:00:FA:6F:00:00:00:D5
00:C2:00:00:F9:7F:00:00:00:C6
00:C2:00:00:FA:8F:00:00:00:B5
00:C2:00:00:FD:8F:00:00:00:B2
00:C2:00:00:FC:7F:00:00:00:C3
00:C2:00:00:FD:6F:00:00:00:D2
00:C2:00:00:00:90:00:00:00:AE
00:C2:00:00:FE:8F:00:00:00:B1
00:C2:00:00:00:80:00:00:00:BE
00:C2:00:00:00:60:00:00:00:DE
00:C2:00:00:02:40:00:00:00:FC
00:C2:00:00:02:60:00:00:00:DC
00:C2:00:00:02:40:00:00:00:FC
00:C2:00:00:03:50:00:00:00:EB
00:C2:00:00:03:30:00:00:00:0B
00:C2:00:00:04:20:00:00:00:1A
00:C2:00:00:05:20:00:00:00:19
00:C2:00:00:01:20:00:00:00:1D
00:C2:00:00:04:10:00:00:00:2A
00:C2:00:00:04:10:00:00:00:2A
00:C2:00:00:06:00:00:00:00:38
00:C2:00:00:06:00:00:00:00:38
00:C2:00:00:07:00:00:00:00:37
00:C2:00:00:08:00:00:00:00:36
00:C2:00:00:09:F0:FF:00:00:46
00:C2:00:00:0A:C0:FF:00:00:75
00:C2:00:00:09:E0:FF:00:00:56
00:C2:00:00:0A:90:FF:00:00:A5
00:C2:00:00:08:D0:FF:00:00:67
00:C2:00:00:07:D0:FF:00:00:68
00:C2:00:00:08:D0:FF:00:00:67
00:C2:00:00:08:D0:FF:00:00:67
00:C2:00:00:06:C0:FF:00:00:79
00:C2:00:00:07:C0:FF:00:00:78
00:C2:00:00:07:B0:FF:00:00:88
00:C2:00:00:05:A0:FF:00:00:9A
00:C2:00:00:05:C0:FF:00:00:7A
00:C2:00:00:05:90:FF:00:00:AA
00:C2:00:00:03:B0:FF:00:00:8C
00:C2:00:00:04:50:FF:00:00:EB
00:C2:00:00:02:90:FF:00:00:AD
00:C2:00:00:03:70:FF:00:00:CC
00:C2:00:00:01:80:FF:00:00:BE
00:C2:00:00:00:A0:FF:00:00:9F
00:C2:00:00:00:90:FF:00:00:AF
00:C2:00:00:00:A0:FF:00:00:9F
00:C2:00:00:FD:9F:FF:00:00:A3
00:C2:00:00:FE:8F:FF:00:00:B2
00:C2:00:00:FC:BF:FF:00:00:84
00:C2:00:00:FB:BF:FF:00:00:85
00:C2:00:00:FA:BF:FF:00:00:86
00:C2:00:00:F9:CF:FF:00:00:77
00:C2:00:00:FA:CF:FF:00:00:76
00:C2:00:00:F8:EF:FF:00:00:58
00:C2:00:00:F9:FF:FF:00:00:47
00:C2:00:00:F9:0F:00:00:00:36
00:C2:00:00:F8:FF:FF:00:00:48
00:C2:00:00:F9:0F:00:00:00:36
00:C2:00:00:FA:0F:00:00:00:35
00:C2:00:00:FC:0F:00:00:00:33
00:C2:00:00:FB:0F:00:00:00:34
00:C2:00:00:FA:0F:00:00:00:35
00:C2:00:00:FB:2F:00:00:00:14
00:C2:00:00:FB:4F:00:00:00:F4
00:C2:00:00:FA:4F:00:00:00:F5
00:C2:00:00:F9:6F:00:00:00:D6
00:C2:00:00:FB:4F:00:00:00:F4
00:C2:00:00:FA:6F:00:00:00:D5
00:C2:00:00:FC:6F:00:00:00:D3
00:C2:00:00:FC:5F:00:00:00:E3
00:C2:00:00:FF:5F:00:00:00:E0
00:C2:00:00:FF:7F:00:00:00:C0
00:C2:00:00:FF:6F:00:00:00:D0
00:C2:00:00:00:80:00:00:00:BE
00:C2:00:00:00:80:00:00:00:BE
00:C2:00:00:00:80:00:00:00:BE
00:C2:00:00:04:90:00:00:00:AA
00:C2:00:00:03:70:00:00:00:CB
00:C2:00:00:02:50:00:00:00:EC
00:C2:00:00:03:80:00:00:00:BB
00:C2:00:00:05:70:00:00:00:C9
00:C2:00:00:02:30:00:00:00:0C
00:C2:00:00:04:70:00:00:00:CA
00:C2:00:00:05:50:00:00:00:E9
00:C2:00:00:06:20:00:00:00:18
00:C2:00:00:08:10:00:00:00:26
00:C2:00:00:08:10:00:00:00:26
00:C2:00:00:09:00:00:00:00:35
00:C2:00:00:09:00:00:00:00:35
00:C2:00:00:09:00:00:00:00:35
00:C2:00:00:0A:00:00:00:00:34
00:C2:00:00:0A:F0:FF:00:00:45
00:C2:00:00:0B:D0:FF:00:00:64
00:C2:00:00:0B:C0:FF:00:00:74
00:C2:00:00:0B:D0:FF:00:00:64
00:C2:00:00:0A:C0:FF:00:00:75
00:C2:00:00:09:C0:FF:00:00:76
00:C2:00:00:0A:A0:FF:00:00:95
00:C2:00:00:07:A0:FF:00:00:98
00:C2:00:00:08:C0:FF:00:00:77
00:C2:00:00:06:A0:FF:00:00:99
00:C2:00:00:03:D0:FF:00:00:6C
00:C2:00:00:04:D0:FF:00:00:6B
00:C2:00:00:00:C0:FF:00:00:7F
00:C2:00:00:00:F0:FF:00:00:4F
00:C2:00:00:00:A0:FF:00:00:9F
00:C2:00:00:00:E0:FF:00:00:5F
00:C2:00:00:00:D0:FF:00:00:6F
00:C2:00:00:FD:BF:FF:00:00:83
00:C2:00:00:FD:DF:FF:00:00:63
00:C2:00:00:FA:BF:FF:00:00:86
00:C2:00:00:F8:DF:FF:00:00:68
00:C2:00:00:F7:CF:FF:00:00:79
00:C2:00:00:F7:CF:FF:00:00:79
00:C2:00:00:F8:DF:FF:00:00:68
00:C2:00:00:F9:FF:FF:00:00:47
00:C2:00:00:F8:EF:FF:00:00:58
00:C2:00:00:F6:EF:FF:00:00:5A
00:C2:00:00:FA:FF:FF:00:00:46
00:C2:00:00:F5:0F:00:00:00:3A
00:C2:00:00:F9:0F:00:00:00:36
00:C2:00:00:F6:0F:00:00:00:39
00:C2:00:00:F8:0F:00:00:00:37
00:C2:00:00:F6:0F:00:00:00:39
00:C2:00:00:F6:4F:00:00:00:F9
00:C2:00:00:F8:3F:00:00:00:07
00:C2:00:00:F5:7F:00:00:00:CA
00:C2:00:00:F8:4F:00:00:00:F7
00:C2:00:00:F7:5F:00:00:00:E8
00:C2:00:00:FA:4F:00:00:00:F5
00:C2:00:00:F7:8F:00:00:00:B8
00:C2:00:00:F9:8F:00:00:00:B6
00:C2:00:00:FB:6F:00:00:00:D4
00:C2:00:00:FA:6F:00:00:00:D5
00:C2:00:00:FD:9F:00:00:00:A2
00:C2:00:00:00:70:00:00:00:CE
00:C2:00:00:FF:8F:00:00:00:B0
00:C2:00:00:00:70:00:00:00:CE
00:C2:00:00:00:40:00:00:00:FE
00:C2:00:00:00:60:00:00:00:DE
00:C2:00:00:03:40:00:00:00:FB
00:C2:00:00:05:30:00:00:00:09
00:C2:00:00:03:20:00:00:00:1B
00:C2:00:00:05:30:00:00:00:09
00:C2:00:00:04:10:00:00:00:2A
00:C2:00:00:05:20:00:00:00:19
00:C2:00:00:05:10:00:00:00:29
00:C2:00:00:07:00:00:00:00:37
00:C2:00:00:08:00:00:00:00:36
00:C2:00:00:08:00:00:00:00:36
00:C2:00:00:09:00:00:00:00:35
00:C2:00:00:09:E0:FF:00:00:56
00:C2:00:00:0A:D0:FF:00:00:65
00:C2:00:00:0A:E0:FF:00:00:55
00:C2:00:00:08:A0:FF:00:00:97
00:C2:00:00:0A:D0:FF:00:00:65
00:C2:00:00:08:B0:FF:00:00:87
00:C2:00:00:09:B0:FF:00:00:86
00:C2:00:00:07:B0:FF:00:00:88
00:C2:00:00:08:A0:FF:00:00:97
00:C2:00:00:06:B0:FF:00:00:89
00:C2:00:00:03:90:FF:00:00:AC
00:C2:00:00:03:C0:FF:00:00:7C
00:C2:00:00:01:90:FF:00:00:AE
00:C2:00:00:01:A0:FF:00:00:9E
00:C2:00:00:00:80:FF:00:00:BF
00:C2:00:00:00:70:FF:00:00:CF
00:C2:00:00:00:60:FF:00:00:DF
00:C2:00:00:00:60:FF:00:00:DF
00:C2:00:00:FF:7F:FF:00:00:C1
00:C2:00:00:FC:8F:FF:00:00:B4
00:C2:00:00:FC:8F:FF:00:00:B4
00:C2:00:00:FA:AF:FF:00:00:96
00:C2:00:00:FB:BF:FF:00:00:85
00:C2:00:00:F9:CF:FF:00:00:77
00:C2:00:00:F8:BF:FF:00:00:88
00:C2:00:00:F9:DF:FF:00:00:67
00:C2:00:00:F8:DF:FF:00:00:68
00:C2:00:00:F8:DF:FF:00:00:68
00:C2:00:00:F7:EF:FF:00:00:59
00:C2:00:00:F9:FF:FF:00:00:47
00:C2:00:00:F8:FF:FF:00:00:48
00:C2:00:00:F9:0F:00:00:00:36
00:C2:00:00:FA:EF:FF:00:00:56
00:C2:00:00:F9:0F:00:00:00:36
00:C2:00:00:F9:1F:00:00:00:26
00:C2:00:00:FC:1F:00:00:00:23
00:C2:00:00:F9:3F:00:00:00:06
00:C2:00:00:FB:2F:00:00:00:14
00:C2:00:00:F8:7F:00:00:00:C7
00:C2:00:00:FA:7F:00:00:00:C5
00:C2:00:00:FA:6F:00:00:00:D5
00:C2:00:00:F9:7F:00:00:00:C6
00:C2:00:00:FB:7F:00:00:00:C4
00:C2:00:00:FD:6F:00:00:00:D2
00:C2:00:00:FC:8F:00:00:00:B3
00:C2:00:00:FD:8F:00:00:00:B2
00:C2:00:00:00:70:00:00:00:CE
00:C2:00:00:00:B0:00:00:00:8E
00:C2:00:00:FF:7F:00:00:00:C0
00:C2:00:00:00:60:00:00:00:DE
00:C2:00:00:00:50:00:00:00:EE
00:C2:00:00:01:40:00:00:00:FD
00:C2:00:00:02:70:00:00:00:CC
00:C2:00:00:02:40:00:00:00:FC
00:C2:00:00:03:60:00:00:00:DB
00:C2:00:00:02:30:00:00:00:0C
00:C2:00:00:05:40:00:00:00:F9
00:C2:00:00:07:40:00:00:00:F7
00:C2:00:00:06:20:00:00:00:18
00:C2:00:00:0A:30:00:00:00:04
00:C2:00:00:06:00:00:00:00:38
00:C2:00:00:09:00:00:00:00:35
00:C2:00:00:09:00:00:00:00:35
00:C2:00:00:0B:00:00:00:00:33
00:C2:00:00:08:F0:FF:00:00:47
00:C2:00:00:08:F0:FF:00:00:47
00:C2:00:00:0A:D0:FF:00:00:65
00:C2:00:00:0C:B0:FF:00:00:83
00:C2:00:00:0D:A0:FF:00:00:92
00:C2:00:00:0D:B0:FF:00:00:82
00:C2:00:00:0D:A0:FF:00:00:92
00:C2:00:00:0E:90:FF:00:00:A1
00:C2:00:00:0B:A0:FF:00:00:94
00:C2:00:00:0C:A0:FF:00:00:93
00:C2:00:00:0C:80:FF:00:00:B3
00:C2:00:00:0B:80:FF:00:00:B4
00:C2:00:00:0A:90:FF:00:00:A5
00:C2:00:00:07:90:FF:00:00:A8
00:C2:00:00:03:C0:FF:00:00:7C
00:C2:00:00:02:80:FF:00:00:BD
00:C2:00:00:03:B0:FF:00:00:8C
00:C2:00:00:01:A0:FF:00:00:9E
00:C2:00:00:00:A0:FF:00:00:9F
00:C2:00:00:00:B0:FF:00:00:8F
00:C2:00:00:00:A0:FF:00:00:9F
00:C2:00:00:FE:8F:FF:00:00:B2
00:C2:00:00:FD:BF:FF:00:00:83
00:C2:00:00:FC:AF:FF:00:00:94
00:C2:00:00:FB:AF:FF:00:00:95
00:C2:00:00:F9:CF:FF:00:00:77
00:C2:00:00:F9:BF:FF:00:00:87
00:C2:00:00:F8:EF:FF:00:00:58
00:C2:00:00:F9:DF:FF:00:00:67
00:C2:00:00:F9:EF:FF:00:00:57
00:C2:00:00:F7:EF:FF:00:00:59
00:C2:00:00:F8:FF:FF:00:00:48
00:C2:00:00:F6:0F:00:00:00:39
00:C2:00:00:F9:0F:00:00:00:36
00:C2:00:00:F7:0F:00:00:00:38
00:C2:00:00:FA:2F:00:00:00:15
00:C2:00:00:FA:2F:00:00:00:15
00:C2:00:00:F8:5F:00:00:00:E7
00:C2:00:00:F9:4F:00:00:00:F6
00:C2:00:00:F9:6F:00:00:00:D6
00:C2:00:00:F8:6F:00:00:00:D7
00:C2:00:00:F8:8F:00:00:00:B7
00:C2:00:00:F8:7F:00:00:00:C7
00:C2:00:00:F8:8F:00:00:00:B7
00:C2:00:00:FA:9F:00:00:00:A5
00:C2:00:00:FA:AF:00:00:00:95
00:C2:00:00:FB:AF:00:00:00:94
00:C2:00:00:FE:6F:00:00:00:D1
00:C2:00:00:FD:8F:00:00:00:B2
00:C2:00:00:00:70:00:00:00:CE
00:C2:00:00:00:70:00:00:00:CE
00:C2:00:00:00:80:00:00:00:BE
00:C2:00:00:00:50:00:00:00:EE
00:C2:00:00:00:60:00:00:00:DE
00:C2:00:00:03:70:00:00:00:CB
00:C2:00:00:04:50:00:00:00:EA
00:C2:00:00:03:40:00:00:00:FB
00:C2:00:00:07:30:00:00:00:07
00:C2:00:00:05:20:00:00:00:19
00:C2:00:00:06:20:00:00:00:18
00:C2:00:00:07:20:00:00:00:17
00:C2:00:00:07:00:00:00:00:37
00:C2:00:00:09:00:00:00:00:35
00:C2:00:00:08:00:00:00:00:36
00:C2:00:00:09:00:00:00:00:35
00:C2:00:00:0A:00:00:00:00:34
00:C2:00:00:0B:D0:FF:00:00:64
00:C2:00:00:0A:E0:FF:00:00:55
00:C2:00:00:0A:E0:FF:00:00:55
00:C2:00:00:0A:B0:FF:00:00:85
00:C2:00:00:0B:C0:FF:00:00:74
00:C2:00:00:07:C0:FF:00:00:78
00:C2:00:00:08:B0:FF:00:00:87
00:C2:00:00:09:90:FF:00:00:A6
00:C2:00:00:06:C0:FF:00:00:79
00:C2:00:00:05:A0:FF:00:00:9A
00:C2:00:00:03:B0:FF:00:00:8C
00:C2:00:00:04:C0:FF:00:00:7B
00:C2:00:00:02:A0:FF:00:00:9D
00:C2:00:00:02:C0:FF:00:00:7D
00:C2:00:00:01:C0:FF:00:00:7E
00:C2:00:00:00:B0:FF:00:00:8F
00:C2:00:00:00:B0:FF:00:00:8F
00:C2:00:00:00:C0:FF:00:00:7F
00:C2:00:00:FE:AF:FF:00:00:92
00:C2:00:00:FD:9F:FF:00:00:A3
00:C2:00:00:FC:AF:FF:00:00:94
00:C2:00:00:FB:AF:FF:00:00:95
00:C2:00:00:F9:AF:FF:00:00:97
00:C2:00:00:FB:CF:FF:00:00:75
00:C2:00:00:F7:BF:FF:00:00:89
00:C2:00:00:F9:DF:FF:00:00:67
00:C2:00:00:F8:EF:FF:00:00:58
00:C2:00:00:F6:CF:FF:00:00:7A
00:C2:00:00:F7:EF:FF:00:00:59
00:C2:00:00:F8:0F:00:00:00:37
00:C2:00:00:F6:0F:00:00:00:39
00:C2:00:00:F7:0F:00:00:00:38
00:C2:00:00:F7:0F:00:00:00:38
00:C2:00:00:F9:0F:00:00:00:36
00:C2:00:00:F9:0F:00:00:00:36
00:C2:00:00:F7:0F:00:00:00:38
00:C2:00:00:F9:3F:00:00:00:06
00:C2:00:00:F9:3F:00:00:00:06
00:C2:00:00:F9:2F:00:00:00:16
00:C2:00:00:F9:5F:00:00:00:E6
00:C2:00:00:F8:4F:00:00:00:F7
00:C2:00:00:F9:5F:00:00:00:E6
00:C2:00:00:F9:4F:00:00:00:F6
00:C2:00:00:F8:6F:00:00:00:D7
00:C2:00:00:FA:7F:00:00:00:C5
00:C2:00:00:FA:3F:00:00:00:05
00:C2:00:00:FC:5F:00:00:00:E3
00:C2:00:00:FE:4F:00:00:00:F1
00:C2:00:00:FE:5F:00:00:00:E1
00:C2:00:00:00:20:00:00:00:1E
00:C2:00:00:00:40:00:00:00:FE
00:C2:00:00:00:50:00:00:00:EE
00:C2:00:00:00:40:00:00:00:FE
00:C2:00:00:01:50:00:00:00:ED
00:C2:00:00:03:30:00:00:00:0B
00:C2:00:00:05:60:00:00:00:D9
00:C2:00:00:04:30:00:00:00:0A
00:C2:00:00:04:20:00:00:00:1A
00:C2:00:00:04:40:00:00:00:FA
00:C2:00:00:07:30:00:00:00:07
00:C2:00:00:06:00:00:00:00:38
00:C2:00:00:08:10:00:00:00:26
00:C2:00:00:09:00:00:00:00:35
00:C2:00:00:08:00:00:00:00:36
00:C2:00:00:09:00:00:00:00:35
00:C2:00:00:09:00:00:00:00:35
00:C2:00:00:0A:00:00:00:00:34
00:C2:00:00:09:00:00:00:00:35
00:C2:00:00:0A:D0:FF:00:00:65
00:C2:00:00:07:D0:FF:00:00:68
00:C2:00:00:0B:C0:FF:00:00:74
00:C2:00:00:0C:A0:FF:00:00:93
00:C2:00:00:0C:90:FF:00:00:A3
00:C2:00:00:0A:A0:FF:00:00:95
00:C2:00:00:0B:90:FF:00:00:A4
00:C2:00:00:0B:90:FF:00:00:A4
00:C2:00:00:08:A0:FF:00:00:97
00:C2:00:00:08:A0:FF:00:00:97
00:C2:00:00:05:A0:FF:00:00:9A
00:C2:00:00:04:A0:FF:00:00:9B
00:C2:00:00:02:B0:FF:00:00:8D
00:C2:00:00:05:A0:FF:00:00:9A
00:C2:00:00:01:C0:FF:00:00:7E
00:C2:00:00:00:B0:FF:00:00:8F
00:C2:00:00:00:A0:FF:00:00:9F
00:C2:00:00:00:C0:FF:00:00:7F
00:C2:00:00:00:D0:FF:00:00:6F
00:C2:00:00:FE:AF:FF:00:00:92
00:C2:00:00:FD:BF:FF:00:00:83
00:C2:00:00:FD:CF:FF:00:00:73
00:C2:00:00:FD:DF:FF:00:00:63
00:C2:00:00:F9:CF:FF:00:00:77
00:C2:00:00:FB:DF:FF:00:00:65
00:C2:00:00:F9:0F:00:00:00:36
00:C2:00:00:F9:FF:FF:00:00:47
00:C2:00:00:F8:FF:FF:00:00:48
00:C2:00:00:F8:0F:00:00:00:37
00:C2:00:00:F7:0F:00:00:00:38
00:C2:00:00:F9:0F:00:00:00:36
00:C2:00:00:F8:0F:00:00:00:37
00:C2:00:00:F7:0F:00:00:00:38
00:C2:00:00:F6:1F:00:00:00:29
00:C2:00:00:F5:2F:00:00:00:1A
00:C2:00:00:F8:4F:00:00:00:F7
00:C2:00:00:F9:1F:00:00:00:26
00:C2:00:00:F9:3F:00:00:00:06
00:C2:00:00:F8:5F:00:00:00:E7
00:C2:00:00:F9:4F:00:00:00:F6
00:C2:00:00:F7:6F:00:00:00:D8
00:C2:00:00:F8:7F:00:00:00:C7
00:C2:00:00:F8:7F:00:00:00:C7
00:C2:00:00:FA:5F:00:00:00:E5
00:C2:00:00:FB:6F:00:00:00:D4
00:C2:00:00:FB:6F:00:00:00:D4
00:C2:00:00:FE:6F:00:00:00:D1
00:C2:00:00:FD:6F:00:00:00:D2
00:C2:00:00:FF:7F:00:00:00:C0
00:C2:00:00:00:80:00:00:00:BE
00:C2:00:00:00:60:00:00:00:DE
00:C2:00:00:00:60:00:00:00:DE
00:C2:00:00:00:70:00:00:00:CE
00:C2:00:00:01:50:00:00:00:ED
00:C2:00:00:03:60:00:00:00:DB
00:C2:00:00:00:40:00:00:00:FE
00:C2:00:00:04:40:00:00:00:FA
00:C2:00:00:03:40:00:00:00:FB
00:C2:00:00:03:40:00:00:00:FB
00:C2:00:00:04:20:00:00:00:1A
00:C2:00:00:05:20:00:00:00:19
00:C2:00:00:06:10:00:00:00:28
00:C2:00:00:04:00:00:00:00:3A
00:C2:00:00:05:00:00:00:00:39
00:C2:00:00:05:00:00:00:00:39
00:C2:00:00:07:00:00:00:00:37
00:C2:00:00:07:00:00:00:00:37
00:C2:00:00:07:F0:FF:00:00:48
00:C2:00:00:07:E0:FF:00:00:58
00:C2:00:00:09:D0:FF:00:00:66
00:C2:00:00:07:D0:FF:00:00:68
00:C2:00:00:09:D0:FF:00:00:66
00:C2:00:00:08:C0:FF:00:00:77
00:C2:00:00:08:D0:FF:00:00:67
00:C2:00:00:09:B0:FF:00:00:86
00:C2:00:00:06:D0:FF:00:00:69
00:C2:00:00:05:D0:FF:00:00:6A
00:C2:00:00:04:B0:FF:00:00:8B
00:C2:00:00:03:C0:FF:00:00:7C
00:C2:00:00:03:B0:FF:00:00:8C
00:C2:00:00:03:C0:FF:00:00:7C
00:C2:00:00:03:B0:FF:00:00:8C
00:C2:00:00:00:C0:FF:00:00:7F
00:C2:00:00:01:B0:FF:00:00:8E
00:C2:00:00:00:C0:FF:00:00:7F
00:C2:00:00:01:C0:FF:00:00:7E
00:C2:00:00:00:A0:FF:00:00:9F
00:C2:00:00:00:B0:FF:00:00:8F
00:C2:00:00:00:C0:FF:00:00:7F
00:C2:00:00:00:B0:FF:00:00:8F
00:C2:00:00:00:C0:FF:00:00:7F
00:C2:00:00:FF:BF:FF:00:00:81
00:C2:00:00:FD:DF:FF:00:00:63
00:C2:00:00:FC:BF:FF:00:00:84
00:C2:00:00:FD:EF:FF:00:00:53
00:C2:00:00:FE:FF:FF:00:00:42
00:C2:00:00:FB:CF:FF:00:00:75
00:C2:00:00:FE:FF:FF:00:00:42
00:C2:00:00:FC:FF:FF:00:00:44
00:C2:00:00:FD:0F:00:00:00:32
00:C2:00:00:FB:FF:FF:00:00:45
00:C2:00:00:FB:0F:00:00:00:34
00:C2:00:00:FA:0F:00:00:00:35
00:C2:00:00:F9:0F:00:00:00:36
00:C2:00:00:FB:0F:00:00:00:34
00:C2:00:00:F9:3F:00:00:00:06
00:C2:00:00:FC:2F:00:00:00:13
00:C2:00:00:FB:2F:00:00:00:14
00:C2:00:00:F9:5F:00:00:00:E6
00:C2:00:00:F9:5F:00:00:00:E6
00:C2:00:00:FA:4F:00:00:00:F5
00:C2:00:00:F8:5F:00:00:00:E7
00:C2:00:00:F9:3F:00:00:00:06
00:C2:00:00:FB:3F:00:00:00:04
00:C2:00:00:FA:6F:00:00:00:D5
00:C2:00:00:FA:6F:00:00:00:D5
00:C2:00:00:FB:3F:00:00:00:04
00:C2:00:00:F8:8F:00:00:00:B7
00:C2:00:00:FB:5F:00:00:00:E4
00:C2:00:00:FB:7F:00:00:00:C4
00:C2:00:00:FA:8F:00:00:00:B5
00:C2:00:00:FD:6F:00:00:00:D2
00:C2:00:00:FD:4F:00:00:00:F2
00:C2:00:00:FF:5F:00:00:00:E0
00:C2:00:00:FE:5F:00:00:00:E1
00:C2:00:00:FE:6F:00:00:00:D1
00:C2:00:00:FF:3F:00:00:00:00
00:C2:00:00:FE:5F:00:00:00:E1
00:C2:00:00:FF:4F:00:00:00:F0
00:C2:00:00:00:50:00:00:00:EE
00:C2:00:00:00:20:00:00:00:1E
00:C2:00:00:00:30:00:00:00:0E
00:C2:00:00:00:40:00:00:00:FE
00:C2:00:00:02:20:00:00:00:1C
00:C2:00:00:02:50:00:00:00:EC
00:C2:00:00:04:40:00:00:00:FA
00:C2:00:00:02:30:00:00:00:0C
00:C2:00:00:03:40:00:00:00:FB
00:C2:00:00:06:40:00:00:00:F8
00:C2:00:00:04:40:00:00:00:FA
00:C2:00:00:06:10:00:00:00:28
00:C2:00:00:07:20:00:00:00:17
00:C2:00:00:06:10:00:00:00:28
00:C2:00:00:08:10:00:00:00:26
00:C2:00:00:09:10:00:00:00:25
00:C2:00:00:08:20:00:00:00:16
00:C2:00:00:07:00:00:00:00:37
00:C2:00:00:0A:10:00:00:00:24
00:C2:00:00:0B:00:00:00:00:33
00:C2:00:00:0C:00:00:00:00:32
00:C2:00:00:0E:00:00:00:00:30
00:C2:00:00:0C:E0:FF:00:00:53
00:C2:00:00:0B:E0:FF:00:00:54
00:C2:00:00:0A:E0:FF:00:00:55
00:C2:00:00:08:C0:FF:00:00:77
00:C2:00:00:05:E0:FF:00:00:5A
00:C2:00:00:05:B0:FF:00:00:8A
00:C2:00:00:03:D0:FF:00:00:6C
00:C2:00:00:03:D0:FF:00:00:6C
00:C2:00:00:01:C0:FF:00:00:7E
00:C2:00:00:02:D0:FF:00:00:6D
00:C2:00:00:00:B0:FF:00:00:8F
00:C2:00:00:02:A0:FF:00:00:9D
00:C2:00:00:02:A0:FF:00:00:9D
00:C2:00:00:00:A0:FF:00:00:9F
00:C2:00:00:00:A0:FF:00:00:9F
00:C2:00:00:FF:AF:FF:00:00:91
00:C2:00:00:FE:9F:FF:00:00:A2
00:C2:00:00:FF:AF:FF:00:00:91
00:C2:00:00:FA:9F:FF:00:00:A6
00:C2:00:00:FD:BF:FF:00:00:83
00:C2:00:00:F9:AF:FF:00:00:97
00:C2:00:00:FB:9F:FF:00:00:A5
00:C2:00:00:F7:CF:FF:00:00:79
00:C2:00:00:F9:DF:FF:00:00:67
00:C2:00:00:F9:CF:FF:00:00:77
00:C2:00:00:F8:EF:FF:00:00:58
00:C2:00:00:F8:DF:FF:00:00:68
00:C2:00:00:F7:0F:00:00:00:38
00:C2:00:00:F8:EF:FF:00:00:58
00:C2:00:00:F7:0F:00:00:00:38
00:C2:00:00:FA:0F:00:00:00:35
00:C2:00:00:F6:0F:00:00:00:39
00:C2:00:00:F9:1F:00:00:00:26
00:C2:00:00:F8:2F:00:00:00:17
00:C2:00:00:FC:1F:00:00:00:23
00:C2:00:00:FC:3F:00:00:00:03
00:C2:00:00:FC:4F:00:00:00:F3
00:C2:00:00:FB:4F:00:00:00:F4
00:C2:00:00:FB:8F:00:00:00:B4
00:C2:00:00:F9:8F:00:00:00:B6
00:C2:00:00:FA:7F:00:00:00:C5
00:C2:00:00:F8:8F:00:00:00:B7
00:C2:00:00:FA:8F:00:00:00:B5
00:C2:00:00:FD:6F:00:00:00:D2
00:C2:00:00:FD:7F:00:00:00:C2
00:C2:00:00:FF:8F:00:00:00:B0
00:C2:00:00:FE:8F:00:00:00:B1
00:C2:00:00:00:80:00:00:00:BE
00:C2:00:00:00:60:00:00:00:DE
00:C2:00:00:02:70:00:00:00:CC
00:C2:00:00:04:70:00:00:00:CA
00:C2:00:00:04:40:00:00:00:FA
00:C2:00:00:03:40:00:00:00:FB
00:C2:00:00:04:40:00:00:00:FA
00:C2:00:00:03:30:00:00:00:0B
00:C2:00:00:03:20:00:00:00:1B
00:C2:00:00:07:20:00:00:00:17
00:C2:00:00:04:20:00:00:00:1A
00:C2:00:00:04:00:00:00:00:3A
00:C2:00:00:06:00:00:00:00:38
00:C2:00:00:05:00:00:00:00:39
00:C2:00:00:07:00:00:00:00:37
00:C2:00:00:06:00:00:00:00:38
00:C2:00:00:0A:00:00:00:00:34
00:C2:00:00:05:00:00:00:00:39
00:C2:00:00:07:F0:FF:00:00:48
00:C2:00:00:0B:D0:FF:00:00:64
00:C2:00:00:09:C0:FF:00:00:76
00:C2:00:00:09:D0:FF:00:00:66
00:C2:00:00:08:C0:FF:00:00:77
00:C2:00:00:06:C0:FF:00:00:79
00:C2:00:00:06:A0:FF:00:00:99
00:C2:00:00:05:B0:FF:00:00:8A
00:C2:00:00:06:A0:FF:00:00:99
00:C2:00:00:03:B0:FF:00:00:8C
00:C2:00:00:03:80:FF:00:00:BC
00:C2:00:00:02:B0:FF:00:00:8D
00:C2:00:00:02:90:FF:00:00:AD
00:C2:00:00:00:A0:FF:00:00:9F
00:C2:00:00:00:B0:FF:00:00:8F
00:C2:00:00:01:A0:FF:00:00:9E
00:C2:00:00:00:90:FF:00:00:AF
00:C2:00:00:FF:AF:FF:00:00:91
00:C2:00:00:FE:CF:FF:00:00:72
00:C2:00:00:FD:9F:FF:00:00:A3
00:C2:00:00:FC:CF:FF:00:00:74
00:C2:00:00:FB:BF:FF:00:00:85
00:C2:00:00:FB:BF:FF:00:00:85
00:C2:00:00:FA:CF:FF:00:00:76
00:C2:00:00:FA:EF:FF:00:00:56
00:C2:00:00:F7:DF:FF:00:00:69
00:C2:00:00:F8:EF:FF:00:00:58
00:C2:00:00:F8:EF:FF:00:00:58
00:C2:00:00:F7:EF:FF:00:00:59
00:C2:00:00:F9:0F:00:00:00:36
00:C2:00:00:F8:0F:00:00:00:37
00:C2:00:00:F8:0F:00:00:00:37
00:C2:00:00:FA:0F:00:00:00:35
00:C2:00:00:F9:0F:00:00:00:36
00:C2:00:00:FB:0F:00:00:00:34
00:C2:00:00:FC:0F:00:00:00:33
00:C2:00:00:FF:3F:00:00:00:00
00:C2:00:00:F9:6F:00:00:00:D6
00:C2:00:00:F8:6F:00:00:00:D7
00:C2:00:00:F7:7F:00:00:00:C8
00:C2:00:00:F7:AF:00:00:00:98
00:C2:00:00:F8:8F:00:00:00:B7
00:C2:00:00:F9:5F:00:00:00:E6
00:C2:00:00:FB:7F:00:00:00:C4
00:C2:00:00:FB:8F:00:00:00:B4
00:C2:00:00:FD:7F:00:00:00:C2
00:C2:00:00:FE:8F:00:00:00:B1
00:C2:00:00:00:60:00:00:00:DE
00:C2:00:00:00:70:00:00:00:CE
00:C2:00:00:00:70:00:00:00:CE
00:C2:00:00:00:70:00:00:00:CE
00:C2:00:00:00:60:00:00:00:DE
00:C2:00:00:01:70:00:00:00:CD
00:C2:00:00:02:60:00:00:00:DC
00:C2:00:00:05:80:00:00:00:B9
00:C2:00:00:03:40:00:00:00:FB
00:C2:00:00:04:50:00:00:00:EA
00:C2:00:00:02:20:00:00:00:1C
00:C2:00:00:05:30:00:00:00:09
00:C2:00:00:06:30:00:00:00:08
00:C2:00:00:07:20:00:00:00:17
00:C2:00:00:06:00:00:00:00:38
00:C2:00:00:06:20:00:00:00:18
00:C2:00:00:05:00:00:00:00:39
00:C2:00:00:09:00:00:00:00:35
00:C2:00:00:09:00:00:00:00:35
00:C2:00:00:09:00:00:00:00:35
00:C2:00:00:09:F0:FF:00:00:46
00:C2:00:00:0A:F0:FF:00:00:45
00:C2:00:00:0B:C0:FF:00:00:74
00:C2:00:00:09:C0:FF:00:00:76
00:C2:00:00:09:B0:FF:00:00:86
00:C2:00:00:07:B0:FF:00:00:88
00:C2:00:00:07:B0:FF:00:00:88
00:C2:00:00:08:A0:FF:00:00:97
00:C2:00:00:05:B0:FF:00:00:8A
00:C2:00:00:06:A0:FF:00:00:99
00:C2:00:00:03:B0:FF:00:00:8C
00:C2:00:00:02:A0:FF:00:00:9D
00:C2:00:00:03:A0:FF:00:00:9C
00:C2:00:00:01:A0:FF:00:00:9E
00:C2:00:00:01:B0:FF:00:00:8E
00:C2:00:00:00:A0:FF:00:00:9F
00:C2:00:00:00:B0:FF:00:00:8F
00:C2:00:00:00:80:FF:00:00:BF
00:C2:00:00:00:A0:FF:00:00:9F
00:C2:00:00:00:B0:FF:00:00:8F
00:C2:00:00:FE:9F:FF:00:00:A2
00:C2:00:00:FD:DF:FF:00:00:63
00:C2:00:00:FD:BF:FF:00:00:83
00:C2:00:00:FA:DF:FF:00:00:66
00:C2:00:00:FA:CF:FF:00:00:76
00:C2:00:00:F9:DF:FF:00:00:67
00:C2:00:00:FB:EF:FF:00:00:55
00:C2:00:00:F9:CF:FF:00:00:77
00:C2:00:00:F9:0F:00:00:00:36
00:C2:00:00:FA:EF:FF:00:00:56
00:C2:00:00:FA:0F:00:00:00:35
00:C2:00:00:FA:0F:00:00:00:35
00:C2:00:00:F8:0F:00:00:00:37
00:C2:00:00:F8:0F:00:00:00:37
00:C2:00:00:F8:0F:00:00:00:37
00:C2:00:00:F8:0F:00:00:00:37
00:C2:00:00:F9:0F:00:00:00:36
00:C2:00:00:F9:1F:00:00:00:26
00:C2:00:00:F9:3F:00:00:00:06
00:C2:00:00:FA:3F:00:00:00:05
00:C2:00:00:F7:4F:00:00:00:F8
00:C2:00:00:F8:6F:00:00:00:D7
00:C2:00:00:F8:5F:00:00:00:E7
00:C2:00:00:F8:7F:00:00:00:C7
00:C2:00:00:FB:4F:00:00:00:F4
00:C2:00:00:FB:7F:00:00:00:C4
00:C2:00:00:FD:6F:00:00:00:D2
00:C2:00:00:FC:6F:00:00:00:D3
00:C2:00:00:FD:7F:00:00:00:C2
00:C2:00:00:00:80:00:00:00:BE
00:C2:00:00:00:70:00:00:00:CE
00:C2:00:00:00:90:00:00:00:AE
00:C2:00:00:00:80:00:00:00:BE
00:C2:00:00:00:50:00:00:00:EE
00:C2:00:00:01:60:00:00:00:DD
00:C2:00:00:03:70:00:00:00:CB
00:C2:00:00:02:60:00:00:00:DC
00:C2:00:00:05:60:00:00:00:D9
00:C2:00:00:04:40:00:00:00:FA
00:C2:00:00:05:30:00:00:00:09
00:C2:00:00:06:30:00:00:00:08
00:C2:00:00:06:10:00:00:00:28
00:C2:00:00:06:00:00:00:00:38
00:C2:00:00:06:00:00:00:00:38
00:C2:00:00:09:00:00:00:00:35
00:C2:00:00:09:00:00:00:00:35
00:C2:00:00:09:00:00:00:00:35
00:C2:00:00:0A:F0:FF:00:00:45
00:C2:00:00:08:F0:FF:00:00:47
00:C2:00:00:0B:C0:FF:00:00:74
00:C2:00:00:0D:90:FF:00:00:A2
00:C2:00:00:0F:90:FF:00:00:A0
00:C2:00:00:0D:80:FF:00:00:B2
00:C2:00:00:0D:90:FF:00:00:A2
00:C2:00:00:0D:80:FF:00:00:B2
00:C2:00:00:0B:70:FF:00:00:C4
00:C2:00:00:0B:80:FF:00:00:B4
00:C2:00:00:0B:80:FF:00:00:B4
00:C2:00:00:09:80:FF:00:00:B6
00:C2:00:00:09:90:FF:00:00:A6
00:C2:00:00:05:A0:FF:00:00:9A
00:C2:00:00:02:B0:FF:00:00:8D
00:C2:00:00:00:C0:FF:00:00:7F
00:C2:00:00:00:B0:FF:00:00:8F
00:C2:00:00:00:D0:FF:00:00:6F
00:C2:00:00:00:90:FF:00:00:AF
00:C2:00:00:FC:AF:FF:00:00:94
00:C2:00:00:FC:BF:FF:00:00:84
00:C2:00:00:FC:AF:FF:00:00:94
00:C2:00:00:F8:9F:FF:00:00:A8
00:C2:00:00:F9:EF:FF:00:00:57
00:C2:00:00:FA:DF:FF:00:00:66
00:C2:00:00:FA:FF:FF:00:00:46
00:C2:00:00:F6:CF:FF:00:00:7A
00:C2:00:00:F7:EF:FF:00:00:59
00:C2:00:00:F9:FF:FF:00:00:47
00:C2:00:00:F6:FF:FF:00:00:4A
00:C2:00:00:F7:FF:FF:00:00:49
00:C2:00:00:F8:0F:00:00:00:37
00:C2:00:00:F8:0F:00:00:00:37
00:C2:00:00:F9:0F:00:00:00:36
00:C2:00:00:F7:0F:00:00:00:38
00:C2:00:00:F9:1F:00:00:00:26
00:C2:00:00:F8:2F:00:00:00:17
00:C2:00:00:F9:4F:00:00:00:F6
00:C2:00:00:F7:5F:00:00:00:E8
00:C2:00:00:F9:6F:00:00:00:D6
00:C2:00:00:F9:7F:00:00:00:C6
00:C2:00:00:F8:6F:00:00:00:D7
00:C2:00:00:F6:9F:00:00:00:A9
00:C2:00:00:FB:6F:00:00:00:D4
00:C2:00:00:FA:9F:00:00:00:A5
00:C2:00:00:FC:8F:00:00:00:B3
00:C2:00:00:FE:5F:00:00:00:E1
00:C2:00:00:FF:8F:00:00:00:B0
00:C2:00:00:FE:6F:00:00:00:D1
00:C2:00:00:00:70:00:00:00:CE
00:C2:00:00:00:80:00:00:00:BE
00:C2:00:00:00:50:00:00:00:EE
00:C2:00:00:00:60:00:00:00:DE
00:C2:00:00:02:50:00:00:00:EC
00:C2:00:00:03:40:00:00:00:FB
00:C2:00:00:04:40:00:00:00:FA
00:C2:00:00:04:50:00:00:00:EA
00:C2:00:00:05:30:00:00:00:09
00:C2:00:00:07:20:00:00:00:17
00:C2:00:00:06:20:00:00:00:18
00:C2:00:00:05:00:00:00:00:39
00:C2:00:00:06:00:00:00:00:38
00:C2:00:00:06:00:00:00:00:38
00:C2:00:00:06:00:00:00:00:38
00:C2:00:00:08:00:00:00:00:36
00:C2:00:00:08:D0:FF:00:00:67
00:C2:00:00:08:D0:FF:00:00:67
00:C2:00:00:07:D0:FF:00:00:68
00:C2:00:00:07:D0:FF:00:00:68
00:C2:00:00:06:C0:FF:00:00:79
00:C2:00:00:05:D0:FF:00:00:6A
00:C2:00:00:07:B0:FF:00:00:88
00:C2:00:00:06:B0:FF:00:00:89
00:C2:00:00:04:B0:FF:00:00:8B
00:C2:00:00:05:90:FF:00:00:AA
00:C2:00:00:03:A0:FF:00:00:9C
00:C2:00:00:03:B0:FF:00:00:8C
00:C2:00:00:01:A0:FF:00:00:9E
00:C2:00:00:03:90:FF:00:00:AC
00:C2:00:00:00:E0:FF:00:00:5F
00:C2:00:00:00:90:FF:00:00:AF
00:C2:00:00:00:80:FF:00:00:BF
00:C2:00:00:00:C0:FF:00:00:7F
00:C2:00:00:00:90:FF:00:00:AF
00:C2:00:00:FF:9F:FF:00:00:A1
00:C2:00:00:FC:AF:FF:00:00:94
00:C2:00:00:FE:AF:FF:00:00:92
00:C2:00:00:FA:AF:FF:00:00:96
00:C2:00:00:FA:BF:FF:00:00:86
00:C2:00:00:FC:CF:FF:00:00:74
00:C2:00:00:FA:CF:FF:00:00:76
00:C2:00:00:FC:CF:FF:00:00:74
00:C2:00:00:FA:BF:FF:00:00:86
00:C2:00:00:F8:BF:FF:00:00:88
00:C2:00:00:F9:EF:FF:00:00:57
00:C2:00:00:F8:EF:FF:00:00:58
00:C2:00:00:F7:CF:FF:00:00:79
00:C2:00:00:FA:EF:FF:00:00:56
00:C2:00:00:F8:FF:FF:00:00:48
00:C2:00:00:F9:0F:00:00:00:36
00:C2:00:00:F8:0F:00:00:00:37
00:C2:00:00:FA:0F:00:00:00:35
00:C2:00:00:F9:0F:00:00:00:36
00:C2:00:00:FA:0F:00:00:00:35
00:C2:00:00:FA:0F:00:00:00:35
00:C2:00:00:F9:3F:00:00:00:06
00:C2:00:00:FC:1F:00:00:00:23
00:C2:00:00:FA:3F:00:00:00:05
00:C2:00:00:FA:3F:00:00:00:05
00:C2:00:00:FC:3F:00:00:00:03
00:C2:00:00:FB:1F:00:00:00:24
00:C2:00:00:FB:4F:00:00:00:F4
00:C2:00:00:FB:6F:00:00:00:D4
00:C2:00:00:FB:3F:00:00:00:04
00:C2:00:00:FD:4F:00:00:00:F2
00:C2:00:00:FC:4F:00:00:00:F3
00:C2:00:00:FB:5F:00:00:00:E4
00:C2:00:00:FD:3F:00:00:00:02
00:C2:00:00:FC:5F:00:00:00:E3
00:C2:00:00:FD:4F:00:00:00:F2
00:C2:00:00:FB:5F:00:00:00:E4
00:C2:00:00:FD:4F:00:00:00:F2
00:C2:00:00:FF:6F:00:00:00:D0
00:C2:00:00:FE:4F:00:00:00:F1
00:C2:00:00:FF:4F:00:00:00:F0
00:C2:00:00:FF:4F:00:00:00:F0
00:C2:00:00:00:30:00:00:00:0E
00:C2:00:00:00:50:00:00:00:EE
00:C2:00:00:00:40:00:00:00:FE
00:C2:00:00:00:40:00:00:00:FE
00:C2:00:00:00:30:00:00:00:0E
00:C2:00:00:02:40:00:00:00:FC
00:C2:00:00:03:30:00:00:00:0B
00:C2:00:00:01:10:00:00:00:2D
00:C2:00:00:04:10:00:00:00:2A
00:C2:00:00:04:10:00:00:00:2A
00:C2:00:00:04:00:00:00:00:3A
00:C2:00:00:04:00:00:00:00:3A
00:C2:00:00:07:00:00:00:00:37
00:C2:00:00:05:00:00:00:00:39
00:C2:00:00:06:00:00:00:00:38
00:C2:00:00:07:00:00:00:00:37
00:C2:00:00:06:00:00:00:00:38
00:C2:00:00:09:00:00:00:00:35
00:C2:00:00:08:00:00:00:00:36
00:C2:00:00:07:00:00:00:00:37
00:C2:00:00:09:F0:FF:00:00:46
00:C2:00:00:0A:F0:FF:00:00:45
00:C2:00:00:0A:D0:FF:00:00:65
00:C2:00:00:08:E0:FF:00:00:57
00:C2:00:00:06:F0:FF:00:00:49
00:C2:00:00:05:F0:FF:00:00:4A
00:C2:00:00:02:F0:FF:00:00:4D
00:C2:00:00:01:F0:FF:00:00:4E
00:C2:00:00:01:E0:FF:00:00:5E
00:4F:00:00:55:00:00:00:00:5C
00:C2:00:00:00:F0:FF:00:00:4F
00:4F:00:00:55:00:00:00:00:5C
00:C2:00:00:00:F0:FF:00:00:4F
00:4F:00:00:55:00:00:00:00:5C
00:40:00:55:6B
00:40:00:55:6B
00:40:00:55:6B
00:40:00:55:6B
00:40:00:55:6B
00:40:00:55:6B
00:40:00:55:6B
00:40:00:55:6B
00:40:00:55:6B
00:40:00:55:6B
00:40:00:55:6B
00:40:00:55:6B
00:40:00:55:6B
00:40:00:55:6B
00:40:00:55:6B
00:40:00:55:6B
00:40:00:55:6B
00:40:00:55:6B
00:40:00:55:6B
00:40:00:55:6B
00:40:00:55:6B
00:40:00:55:6B
00:40:00:55:6B
00:40:00:55:6B
00:40:00:55:6B
00:40:00:55:6B
00:40:00:55:6B
00:40:00:55:6B
00:40:00:55:6B
00:40:00:55:6B
00:40:00:55:6B
00:40:00:55:6B
00:C2:02:00:00:00:00:00:00:3C
00:4F:00:00:55:00:00:00:00:5C
00:40:00:55:6B
00:40:00:55:6B
00:C2:00:00:00:00:00:00:00:3E
00:4F:00:00:55:00:00:00:00:5C
00:40:00:55:6B
00:40:00:55:6B
00:40:00:55:6B
00:40:00:55:6B
00:40:00:55:6B
00:40:00:55:6B
00:40:00:55:6B
00:C2:00:00:00:F0:FF:00:00:4F
00:C2:00:00:00:F0:FF:00:00:4F
00:C2:00:00:00:F0:FF:00:00:4F
00:C2:00:00:00:F0:FF:00:00:4F
00:C2:00:00:00:C0:FF:00:00:7F
00:C2:00:00:00:D0:FF:00:00:6F
00:C2:00:00:FF:BF:FF:00:00:81
00:C2:00:00:00:D0:FF:00:00:6F
00:C2:00:00:FF:CF:FF:00:00:71
00:C2:00:00:FF:BF:FF:00:00:81
00:C2:00:00:FE:DF:FF:00:00:62
00:C2:00:00:00:D0:FF:00:00:6F
00:C2:00:00:00:E0:FF:00:00:5F
00:C2:00:00:00:E0:FF:00:00:5F
00:C2:00:00:FF:DF:FF:00:00:61
00:C2:00:00:00:D0:FF:00:00:6F
00:C2:00:00:FF:DF:FF:00:00:61
00:C2:00:00:00:D0:FF:00:00:6F
00:C2:00:00:00:E0:FF:00:00:5F
00:C2:00:00:00:E0:FF:00:00:5F
00:C2:00:00:00:D0:FF:00:00:6F
00:4F:00:00:55:00:00:00:00:5C
00:C2:00:00:00:F0:FF:00:00:4F
00:4F:00:00:55:00:00:00:00:5C
00:C2:00:00:00:D0:FF:00:00:6F
00:C2:00:00:00:F0:FF:00:00:4F
00:C2:00:00:00:E0:FF:00:00:5F
00:C2:00:00:00:F0:FF:00:00:4F
00:C2:00:00:00:F0:FF:00:00:4F
00:C2:00:00:00:E0:FF:00:00:5F
00:C2:00:00:00:E0:FF:00:00:5F
00:C2:00:00:FF:FF:FF:00:00:41
00:C2:00:00:00:F0:FF:00:00:4F
00:C2:00:00:00:F0:FF:00:00:4F
00:4F:00:00:55:00:00:00:00:5C
00:C2:00:00:00:F0:FF:00:00:4F
00:C2:00:00:00:F0:FF:00:00:4F
00:4F:00:00:55:00:00:00:00:5C
00:C2:00:00:00:F0:FF:00:00:4F
00:C2:00:00:00:F0:FF:00:00:4F
00:C2:00:00:00:E0:FF:00:00:5F
00:4F:00:00:55:00:00:00:00:5C
00:C2:00:00:00:E0:FF:00:00:5F
00:C2:00:00:00:F0:FF:00:00:4F
00:C2:00:00:00:F0:FF:00:00:4F
00:C2:00:00:00:E0:FF:00:00:5F
00:4F:00:00:55:00:00:00:00:5C
00:C2:00:00:00:F0:FF:00:00:4F
00:C2:00:00:00:D0:FF:00:00:6F
00:C2:00:00:00:F0:FF:00:00:4F
00:4F:00:00:55:00:00:00:00:5C
00:C2:00:00:00:F0:FF:00:00:4F
00:C2:00:00:00:F0:FF:00:00:4F
00:C2:00:00:00:D0:FF:00:00:6F
00:C2:00:00:00:E0:FF:00:00:5F
00:C2:00:00:03:C0:FF:00:00:7C
00:C2:00:00:01:E0:FF:00:00:5E
00:C2:00:00:01:C0:FF:00:00:7E
00:C2:00:00:03:D0:FF:00:00:6C
00:C2:00:00:01:E0:FF:00:00:5E
00:C2:00:00:02:C0:FF:00:00:7D
00:C2:00:00:01:E0:FF:00:00:5E
00:C2:00:00:03:D0:FF:00:00:6C
00:C2:00:00:01:C0:FF:00:00:7E
00:C2:00:00:02:D0:FF:00:00:6D
00:C2:00:00:03:D0:FF:00:00:6C
00:C2:00:00:01:D0:FF:00:00:6E
00:C2:00:00:02:D0:FF:00:00:6D
00:C2:00:00:03:D0:FF:00:00:6C
00:C2:00:00:03:C0:FF:00:00:7C
00:C2:00:00:04:E0:FF:00:00:5B
00:C2:00:00:03:F0:FF:00:00:4C
00:C2:00:00:03:E0:FF:00:00:5C
00:C2:00:00:03:E0:FF:00:00:5C
00:C2:00:00:03:E0:FF:00:00:5C
00:C2:00:00:02:F0:FF:00:00:4D
00:C2:00:00:03:00:00:00:00:3B
00:C2:00:00:04:F0:FF:00:00:4B
00:C2:00:00:03:00:00:00:00:3B
00:C2:00:00:04:F0:FF:00:00:4B
00:C2:00:00:03:F0:FF:00:00:4C
00:C2:00:00:04:00:00:00:00:3A
00:C2:00:00:04:00:00:00:00:3A
00:C2:00:00:05:00:00:00:00:39
00:C2:00:00:05:F0:FF:00:00:4A
00:C2:00:00:08:00:00:00:00:36
00:C2:00:00:05:E0:FF:00:00:5A
00:C2:00:00:05:00:00:00:00:39
00:C2:00:00:06:F0:FF:00:00:49
00:C2:00:00:04:00:00:00:00:3A
00:C2:00:00:05:00:00:00:00:39
00:C2:00:00:03:00:00:00:00:3B
00:C2:00:00:03:00:00:00:00:3B
00:C2:00:00:02:00:00:00:00:3C
00:C2:00:00:02:00:00:00:00:3C
00:C2:00:00:01:00:00:00:00:3D
00:C2:00:00:01:F0:FF:00:00:4E
00:4F:00:00:55:00:00:00:00:5C
00:40:00:55:6B
00:C2:00:00:01:F0:FF:00:00:4E
00:4F:00:00:55:00:00:00:00:5C
00:40:00:55:6B
00:C2:02:00:00:00:00:00:00:3C
00:4F:00:00:55:00:00:00:00:5C
00:40:00:55:6B
00:40:00:55:6B
00:C2:00:00:00:00:00:00:00:3E
00:4F:00:00:55:00:00:00:00:5C
00:40:00:55:6B
00:40:00:55:6B
00:40:00:55:6B
00:40:00:55:6B
00:40:00:55:6B
00:40:00:55:6B
00:40:00:55:6B
00:40:00:55:6B
00:40:00:55:6B
00:40:00:55:6B
00:40:00:55:6B
00:C2:02:00:00:00:00:00:00:3C
00:4F:00:00:55:00:00:00:00:5C
00:40:00:55:6B
00:40:00:55:6B
00:C2:00:00:00:00:00:00:00:3E
00:4F:00:00:55:00:00:00:00:5C
00:40:00:55:6B
00:40:00:55:6B
00:40:00:55:6B
00:40:00:55:6B
00:40:00:55:6B
00:C2:00:00:00:F0:FF:00:00:4F
00:4F:00:00:55:00:00:00:00:5C
00:C2:00:00:FD:0F:00:00:00:32
00:C2:00:00:FC:1F:00:00:00:23
00:C2:00:00:FD:1F:00:00:00:22
00:C2:00:00:FC:2F:00:00:00:13
00:C2:00:00:FD:1F:00:00:00:22
00:C2:00:00:FC:1F:00:00:00:23
00:C2:00:00:FC:0F:00:00:00:33
00:C2:00:00:FB:2F:00:00:00:14
00:C2:00:00:FB:1F:00:00:00:24
00:C2:00:00:FA:1F:00:00:00:25
00:C2:00:00:FC:3F:00:00:00:03
00:C2:00:00:FA:0F:00:00:00:35
00:C2:00:00:F9:1F:00:00:00:26
00:C2:00:00:FB:0F:00:00:00:34
00:C2:00:00:FB:2F:00:00:00:14
00:C2:00:00:F9:1F:00:00:00:26
00:C2:00:00:FA:2F:00:00:00:15
00:C2:00:00:FA:1F:00:00:00:25
00:C2:00:00:F8:2F:00:00:00:17
00:C2:00:00:F9:0F:00:00:00:36
00:C2:00:00:F9:1F:00:00:00:26
00:C2:00:00:FA:0F:00:00:00:35
00:C2:00:00:FA:2F:00:00:00:15
00:C2:00:00:F9:1F:00:00:00:26
00:C2:00:00:F8:1F:00:00:00:27
00:C2:00:00:F7:2F:00:00:00:18
00:C2:00:00:F8:0F:00:00:00:37
00:C2:00:00:F9:3F:00:00:00:06
00:C2:00:00:FA:0F:00:00:00:35
00:C2:00:00:FA:1F:00:00:00:25
00:C2:00:00:F8:2F:00:00:00:17
00:C2:00:00:FB:0F:00:00:00:34
00:C2:00:00:FA:1F:00:00:00:25
00:C2:00:00:F9:1F:00:00:00:26
00:C2:00:00:F8:3F:00:00:00:07
00:C2:00:00:FA:1F:00:00:00:25
00:C2:00:00:F9:1F:00:00:00:26
00:C2:00:00:FC:1F:00:00:00:23
00:C2:00:00:F9:0F:00:00:00:36
00:C2:00:00:FC:2F:00:00:00:13
00:C2:00:00:FB:1F:00:00:00:24
00:C2:00:00:FC:1F:00:00:00:23
00:C2:00:00:FA:3F:00:00:00:05
00:C2:00:00:FA:1F:00:00:00:25
00:C2:00:00:FC:2F:00:00:00:13
00:C2:00:00:F9:2F:00:00:00:16
00:C2:00:00:FB:1F:00:00:00:24
00:C2:00:00:FA:4F:00:00:00:F5
00:C2:00:00:F9:2F:00:00:00:16
00:C2:00:00:FA:3F:00:00:00:05
00:C2:00:00:F8:2F:00:00:00:17
00:C2:00:00:FA:2F:00:00:00:15
00:C2:00:00:FA:3F:00:00:00:05
00:C2:00:00:FA:1F:00:00:00:25
00:C2:00:00:FB:3F:00:00:00:04
00:C2:00:00:FC:1F:00:00:00:23
00:C2:00:00:FB:2F:00:00:00:14
00:C2:00:00:FD:1F:00:00:00:22
00:C2:00:00:FB:1F:00:00:00:24
00:C2:00:00:FE:1F:00:00:00:21
00:C2:00:00:FF:0F:00:00:00:30
00:4F:00:00:55:00:00:00:00:5C
00:40:00:55:6B
00:40:00:55:6B
00:C2:02:00:00:00:00:00:00:3C
00:4F:00:00:55:00:00:00:00:5C
00:40:00:55:6B
00:C2:00:00:00:00:00:00:00:3E
00:4F:00:00:55:00:00:00:00:5C
00:40:00:55:6B
00:40:00:55:6B
00:40:00:55:6B
00:40:00:55:6B
00:40:00:55:6B
00:40:00:55:6B
00:40:00:55:6B
00:C2:02:00:00:00:00:00:00:3C
00:4F:00:00:55:00:00:00:00:5C
00:40:00:55:6B
00:C2:00:00:00:00:00:00:00:3E
00:4F:00:00:55:00:00:00:00:5C
00:40:00:55:6B
00:40:00:55:6B
00:40:00:55:6B
00:40:00:55:6B
00:40:00:55:6B
00:C2:00:00:FF:0F:00:00:00:30
00:4F:00:00:55:00:00:00:00:5C
00:C2:00:00:01:F0:FF:00:00:4E
00:C2:00:00:01:00:00:00:00:3D
00:C2:00:00:02:00:00:00:00:3C
00:C2:00:00:02:F0:FF:00:00:4D
00:C2:00:00:04:F0:FF:00:00:4B
00:C2:00:00:05:F0:FF:00:00:4A
00:C2:00:00:06:E0:FF:00:00:59
00:C2:00:00:08:F0:FF:00:00:47
00:C2:00:00:07:F0:FF:00:00:48
00:C2:00:00:04:00:00:00:00:3A
00:C2:00:00:07:00:00:00:00:37
00:C2:00:00:05:00:00:00:00:39
00:C2:00:00:03:00:00:00:00:3B
00:C2:00:00:08:00:00:00:00:36
00:C2:00:00:06:00:00:00:00:38
00:C2:00:00:08:00:00:00:00:36
00:C2:00:00:0A:30:00:00:00:04
00:C2:00:00:08:10:00:00:00:26
00:C2:00:00:0B:10:00:00:00:23
00:C2:00:00:09:10:00:00:00:25
00:C2:00:00:08:20:00:00:00:16
00:C2:00:00:0A:10:00:00:00:24
00:C2:00:00:09:00:00:00:00:35
00:C2:00:00:0A:20:00:00:00:14
00:C2:00:00:08:20:00:00:00:16
00:C2:00:00:09:20:00:00:00:15
00:C2:00:00:08:10:00:00:00:26
00:C2:00:00:09:10:00:00:00:25
00:C2:00:00:09:30:00:00:00:05
00:C2:00:00:09:10:00:00:00:25
00:C2:00:00:06:20:00:00:00:18
00:C2:00:00:07:20:00:00:00:17
00:C2:00:00:04:10:00:00:00:2A
00:C2:00:00:03:30:00:00:00:0B
00:C2:00:00:03:10:00:00:00:2B
00:C2:00:00:03:20:00:00:00:1B
00:C2:00:00:04:10:00:00:00:2A
00:C2:00:00:03:20:00:00:00:1B
00:C2:00:00:04:10:00:00:00:2A
00:C2:00:00:03:20:00:00:00:1B
00:C2:00:00:03:20:00:00:00:1B
00:C2:00:00:05:10:00:00:00:29
00:C2:00:00:03:10:00:00:00:2B
00:C2:00:00:03:10:00:00:00:2B
00:C2:00:00:01:00:00:00:00:3D
00:C2:00:00:02:00:00:00:00:3C
00:C2:00:00:01:10:00:00:00:2D
00:C2:00:00:02:10:00:00:00:2C
00:4F:00:00:55:00:00:00:00:5C
00:C2:00:00:01:20:00:00:00:1D
00:4F:00:00:55:00:00:00:00:5C
00:C2:00:00:02:10:00:00:00:2C
00:C2:00:00:02:10:00:00:00:2C
00:4F:00:00:55:00:00:00:00:5C
00:C2:00:00:03:10:00:00:00:2B
00:C2:00:00:01:10:00:00:00:2D
00:C2:00:00:03:20:00:00:00:1B
00:C2:00:00:03:00:00:00:00:3B
00:C2:00:00:05:10:00:00:00:29
00:C2:00:00:04:20:00:00:00:1A
00:C2:00:00:04:00:00:00:00:3A
00:C2:00:00:03:10:00:00:00:2B
00:C2:00:00:04:00:00:00:00:3A
00:C2:00:00:04:10:00:00:00:2A
00:C2:00:00:03:20:00:00:00:1B
00:C2:00:00:02:00:00:00:00:3C
00:C2:00:00:03:20:00:00:00:1B
00:C2:00:00:01:10:00:00:00:2D
00:C2:00:00:04:30:00:00:00:0A
00:C2:00:00:04:10:00:00:00:2A
00:C2:00:00:03:20:00:00:00:1B
00:C2:00:00:04:10:00:00:00:2A
00:C2:00:00:03:20:00:00:00:1B
00:C2:00:00:06:20:00:00:00:18
00:C2:00:00:03:00:00:00:00:3B
00:C2:00:00:02:20:00:00:00:1C
00:C2:00:00:02:00:00:00:00:3C
00:C2:00:00:03:00:00:00:00:3B
00:C2:00:00:03:10:00:00:00:2B
00:C2:00:00:06:10:00:00:00:28
00:C2:00:00:06:10:00:00:00:28
00:C2:00:00:06:10:00:00:00:28
00:C2:00:00:05:00:00:00:00:39
00:C2:00:00:04:30:00:00:00:0A
00:C2:00:00:04:10:00:00:00:2A
00:C2:00:00:02:20:00:00:00:1C
00:C2:00:00:01:00:00:00:00:3D
00:4F:00:00:55:00:00:00:00:5C
00:C2:00:00:01:10:00:00:00:2D
00:4F:00:00:55:00:00:00:00:5C
00:C2:00:00:02:00:00:00:00:3C
00:4F:00:00:55:00:00:00:00:5C
00:40:00:55:6B
00:40:00:55:6B
00:C2:02:00:00:00:00:00:00:3C
00:4F:00:00:55:00:00:00:00:5C
00:40:00:55:6B
00:C2:00:00:00:00:00:00:00:3E
00:4F:00:00:55:00:00:00:00:5C
00:40:00:55:6B
00:40:00:55:6B
00:40:00:55:6B
00:40:00:55:6B
00:40:00:55:6B
00:40:00:55:6B
00:40:00:55:6B
00:40:00:55:6B
00:40:00:55:6B
00:40:00:55:6B
00:40:00:55:6B
00:40:00:55:6B
00:40:00:55:6B
00:40:00:55:6B
00:40:00:55:6B
00:40:00:55:6B
00:40:00:55:6B
00:40:00:55:6B
00:40:00:55:6B
00:40:00:55:6B
00:40:00:55:6B
00:40:00:55:6B
00:40:00:55:6B
00:40:00:55:6B
00:40:00:55:6B
00:40:00:55:6B
00:40:00:55:6B
00:40:00:55:6B
00:40:00:55:6B
00:40:00:55:6B
00:40:00:55:6B
00:40:00:55:6B
00:40:00:55:6B
00:40:00:55:6B
00:40:00:55:6B
00:40:00:55:6B
00:40:00:55:6B
00:40:00:55:6B
00:40:00:55:6B
00:40:00:55:6B
00:40:00:55:6B
00:40:00:55:6B
00:40:00:55:6B
00:40:00:55:6B
00:40:00:55:6B
00:40:00:55:6B
00:40:00:55:6B
00:40:00:55:6B
00:40:00:55:6B
00:40:00:55:6B
00:40:00:55:6B
00:40:00:55:6B
00:40:00:55:6B
00:40:00:55:6B
00:40:00:55:6B
00:40:00:55:6B
00:40:00:55:6B
00:4F:00:03:70:00:00:00:00:3E
