00:D3:CA:4D:22:6E:33:CB:C6:9B:F5:DE:ED:92:00:00:00:00:00:00:00:D5
00:40:00:55:6B
00:D3:2C:31:75:FA:AA:62:49:6C:F5:DE:EB:DE:00:00:00:00:00:00:00:04
00:40:00:55:6B
00:D3:2C:31:75:FA:AA:62:49:6C:F5:DE:EB:DE:00:00:00:00:00:00:00:04
00:40:00:55:6B
00:D3:2C:31:75:FA:AA:62:49:6C:F5:DE:EB:DE:00:00:00:00:00:00:00:04
00:D3:1B:DE:7B:63:AD:BE:AB:40:F5:DE:EB:AF:00:00:00:00:00:00:00:93
00:D3:F1:C4:4D:7D:13:93:99:05:F5:DE:EB:BD:00:00:00:00:00:00:00:EF
00:D3:EA:C9:FB:44:CC:9C:16:0E:F5:DE:EB:BF:00:00:00:00:00:00:00:32
00:D3:C7:02:17:60:9D:A7:1B:2A:F5:DE:EB:BB:00:00:00:00:00:00:00:EB
00:D3:4C:09:5F:68:1C:8E:01:02:F5:DE:EB:AB:00:00:00:00:00:00:00:FB
00:D3:DC:C7:D0:EE:52:F2:AC:3A:F5:DE:EC:3B:00:00:00:00:00:00:00:A8
00:D3:07:BD:61:B5:81:E3:60:05:F5:DE:EB:C9:00:00:00:00:00:00:00:03
00:D3:4C:09:5F:68:1C:8E:01:02:F5:DE:EB:AB:00:00:00:00:00:00:00:FB
00:D3:36:76:60:E2:C3:5D:84:08:F5:DE:EB:C5:00:00:00:00:00:00:00:10
00:D3:C7:02:17:60:9D:A7:1B:2A:F5:DE:EB:BB:00:00:00:00:00:00:00:EB
00:D3:32:68:38:4F:46:6A:D4:13:F5:DE:EB:B3:00:00:00:00:00:00:00:04
00:D3:F1:C4:4D:7D:13:93:99:05:F5:DE:EB:BD:00:00:00:00:00:00:00:EF
00:D3:1F:F9:F8:36:CD:C3:F7:93:F5:DE:EB:A3:00:00:00:00:00:00:00:6C
00:D3:66:BA:AF:A5:A0:20:E1:E1:F5:DE:EB:B9:00:00:00:00:00:00:00:C0
00:40:00:55:6B
00:D3:2C:31:75:FA:AA:62:49:6C:F5:DE:EB:DE:00:00:00:00:00:00:00:04
B4:D3:55:7D:C6:37:0D:A5:F6:06:F5:DE:EB:A1:00:00:00:00:00:00:00:9D
00:40:00:55:6B
00:D3:2C:31:75:FA:AA:62:49:6C:F5:DE:EB:DE:00:00:00:00:00:00:00:04
00:40:00:55:6B
00:D3:2C:31:75:FA:AA:62:49:6C:F5:DE:EB:DE:00:00:00:00:00:00:00:04
00:40:00:55:6B
00:D3:2C:31:75:FA:AA:62:49:6C:F5:DE:EB:DE:00:00:00:00:00:00:00:04
00:40:00:55:6B
00:D3:2C:31:75:FA:AA:62:49:6C:F5:DE:EB:DE:00:00:00:00:00:00:00:04
00:D3:E0:9C:61:1A:76:2B:CE:92:F5:DE:EB:C7:00:00:00:00:00:00:00:B0
00:D3:F1:4B:61:43:79:79:16:6D:F5:DE:EB:A7:00:00:00:00:00:00:00:73
00:D3:36:76:60:E2:C3:5D:84:08:F5:DE:EB:C5:00:00:00:00:00:00:00:10
00:D3:4C:09:5F:68:1C:8E:01:02:F5:DE:EB:AB:00:00:00:00:00:00:00:FB
00:40:00:55:6B
00:D3:2C:31:75:FA:AA:62:49:6C:F5:DE:EB:DE:00:00:00:00:00:00:00:04
00:D3:4C:09:5F:68:1C:8E:01:02:F5:DE:EB:AB:00:00:00:00:00:00:00:FB
00:D3:F1:C4:4D:7D:13:93:99:05:F5:DE:EB:BD:00:00:00:00:00:00:00:EF
00:40:00:55:6B
00:D3:2C:31:75:FA:AA:62:49:6C:F5:DE:EB:DE:00:00:00:00:00:00:00:04
B4:D3:55:7D:C6:37:0D:A5:F6:06:F5:DE:EB:A1:00:00:00:00:00:00:00:9D
00:40:00:55:6B
00:D3:2C:31:75:FA:AA:62:49:6C:F5:DE:EB:DE:00:00:00:00:00:00:00:04
B4:D3:55:7D:C6:37:0D:A5:F6:06:F5:DE:EB:A1:00:00:00:00:00:00:00:9D
00:40:00:55:6B
00:D3:2C:31:75:FA:AA:62:49:6C:F5:DE:EB:DE:00:00:00:00:00:00:00:04
00:D3:F1:C4:4D:7D:13:93:99:05:F5:DE:EB:BD:00:00:00:00:00:00:00:EF
00:D3:F1:4B:61:43:79:79:16:6D:F5:DE:EB:A7:00:00:00:00:00:00:00:73
00:D3:77:00:5F:82:86:41:2C:6E:F5:DE:EB:DF:00:00:00:00:00:00:00:D7
B4:D3:68:62:72:7D:CC:4B:C4:DD:F5:DE:EB:F3:00:00:00:00:00:00:00:57
00:D3:A1:E6:E7:E1:DC:6C:70:31:F5:DE:EC:03:00:00:00:00:00:00:00:33
00:D3:C1:1E:FE:28:B4:AB:8B:34:F5:DE:EB:F5:00:00:00:00:00:00:00:57
00:D3:EB:8B:94:DA:4A:0E:59:D9:F5:DE:EC:4B:00:00:00:00:00:00:00:B5
B4:D3:68:62:72:7D:CC:4B:C4:DD:F5:DE:EB:F3:00:00:00:00:00:00:00:57
00:D3:BC:9B:18:BA:EE:93:6D:3C:F5:DE:EB:FD:00:00:00:00:00:00:00:1F
00:D3:BE:11:A7:CC:9D:75:7A:A5:F5:DE:EC:01:00:00:00:00:00:00:00:FA
00:D3:EB:8B:94:DA:4A:0E:59:D9:F5:DE:EC:4B:00:00:00:00:00:00:00:B5
00:D3:F6:E7:3C:36:52:67:28:1E:F5:DE:EB:F9:00:00:00:00:00:00:00:28
00:D3:8B:94:36:32:63:B0:7D:82:F5:DE:EB:F7:00:00:00:00:00:00:00:DF
00:D3:EB:8B:94:DA:4A:0E:59:D9:F5:DE:EC:4B:00:00:00:00:00:00:00:B5
B4:D3:68:62:72:7D:CC:4B:C4:DD:F5:DE:EB:F3:00:00:00:00:00:00:00:57
00:D3:C1:1E:FE:28:B4:AB:8B:34:F5:DE:EB:F5:00:00:00:00:00:00:00:57
00:D3:46:06:1E:DB:58:93:57:03:F5:DE:EB:FB:00:00:00:00:00:00:00:EA
00:D3:77:00:5F:82:86:41:2C:6E:F5:DE:EB:DF:00:00:00:00:00:00:00:D7
00:D3:F6:E7:3C:36:52:67:28:1E:F5:DE:EB:F9:00:00:00:00:00:00:00:28
00:40:00:55:6B
00:D3:2C:31:75:FA:AA:62:49:6C:F5:DE:EB:DE:00:00:00:00:00:00:00:04
00:D3:F6:E7:3C:36:52:67:28:1E:F5:DE:EB:F9:00:00:00:00:00:00:00:28
00:40:00:55:6B
00:D3:2C:31:75:FA:AA:62:49:6C:F5:DE:EB:DE:00:00:00:00:00:00:00:04
00:D3:F6:E7:3C:36:52:67:28:1E:F5:DE:EB:F9:00:00:00:00:00:00:00:28
00:40:00:55:6B
00:D3:2C:31:75:FA:AA:62:49:6C:F5:DE:EB:DE:00:00:00:00:00:00:00:04
00:D3:F6:E7:3C:36:52:67:28:1E:F5:DE:EB:F9:00:00:00:00:00:00:00:28
00:40:00:55:6B
00:D3:2C:31:75:FA:AA:62:49:6C:F5:DE:EB:DE:00:00:00:00:00:00:00:04
00:D3:77:00:5F:82:86:41:2C:6E:F5:DE:EB:DF:00:00:00:00:00:00:00:D7
00:D3:DC:C7:D0:EE:52:F2:AC:3A:F5:DE:EC:3B:00:00:00:00:00:00:00:A8
00:D3:4C:09:5F:68:1C:8E:01:02:F5:DE:EB:AB:00:00:00:00:00:00:00:FB
00:D3:77:00:5F:82:86:41:2C:6E:F5:DE:EB:DF:00:00:00:00:00:00:00:D7
00:D3:EB:B5:BB:38:F9:1C:B7:AF:F5:DE:EC:4D:00:00:00:00:00:00:00:13
00:D3:0A:1B:C0:2B:42:C8:46:09:F5:DE:EB:A5:00:00:00:00:00:00:00:61
00:D3:32:68:38:4F:46:6A:D4:13:F5:DE:EB:B3:00:00:00:00:00:00:00:04
00:D3:F1:C4:4D:7D:13:93:99:05:F5:DE:EB:BD:00:00:00:00:00:00:00:EF
00:D3:EB:B5:BB:38:F9:1C:B7:AF:F5:DE:EC:4D:00:00:00:00:00:00:00:13
00:D3:0A:1B:C0:2B:42:C8:46:09:F5:DE:EB:A5:00:00:00:00:00:00:00:61
00:D3:1F:F9:F8:36:CD:C3:F7:93:F5:DE:EB:A3:00:00:00:00:00:00:00:6C
00:D3:E0:9C:61:1A:76:2B:CE:92:F5:DE:EB:C7:00:00:00:00:00:00:00:B0
00:D3:7B:51:7D:A8:9F:A0:F0:59:F5:DE:EB:B1:00:00:00:00:00:00:00:45
00:D3:77:00:5F:82:86:41:2C:6E:F5:DE:EB:DF:00:00:00:00:00:00:00:D7
00:D3:33:BF:2A:C7:23:0D:D2:C5:F5:DE:EC:28:00:00:00:00:00:00:00:9C
00:40:00:55:6B
00:D3:2C:31:75:FA:AA:62:49:6C:F5:DE:EB:DE:00:00:00:00:00:00:00:04
00:40:00:55:6B
00:D3:2C:31:75:FA:AA:62:49:6C:F5:DE:EB:DE:00:00:00:00:00:00:00:04
00:40:00:55:6B
00:D3:2C:31:75:FA:AA:62:49:6C:F5:DE:EB:DE:00:00:00:00:00:00:00:04
B4:D3:55:7D:C6:37:0D:A5:F6:06:F5:DE:EB:A1:00:00:00:00:00:00:00:9D
00:40:00:55:6B
00:D3:2C:31:75:FA:AA:62:49:6C:F5:DE:EB:DE:00:00:00:00:00:00:00:04
00:40:00:55:6B
00:D3:2C:31:75:FA:AA:62:49:6C:F5:DE:EB:DE:00:00:00:00:00:00:00:04
00:40:00:55:6B
00:D3:2C:31:75:FA:AA:62:49:6C:F5:DE:EB:DE:00:00:00:00:00:00:00:04
00:40:00:55:6B
00:D3:2C:31:75:FA:AA:62:49:6C:F5:DE:EB:DE:00:00:00:00:00:00:00:04
00:D3:FD:BF:3B:6D:24:C5:A0:4E:F5:DE:ED:E4:00:00:00:00:00:00:00:4E
00:40:00:55:6B
00:D3:2C:31:75:FA:AA:62:49:6C:F5:DE:EB:DE:00:00:00:00:00:00:00:04
B4:D3:55:7D:C6:37:0D:A5:F6:06:F5:DE:EB:A1:00:00:00:00:00:00:00:9D
00:40:00:55:6B
00:D3:2C:31:75:FA:AA:62:49:6C:F5:DE:EB:DE:00:00:00:00:00:00:00:04