00:D3:CA:4D:22:6E:33:CB:C6:9B:F5:DE:ED:92:00:00:00:00:00:00:00:D5
00:40:00:55:6B
00:D3:2C:31:75:FA:AA:62:49:6C:F5:DE:EB:DE:00:00:00:00:00:00:00:04
00:40:00:55:6B
00:D3:2C:31:75:FA:AA:62:49:6C:F5:DE:EB:DE:00:00:00:00:00:00:00:04
00:40:00:55:6B
00:D3:2C:31:75:FA:AA:62:49:6C:F5:DE:EB:DE:00:00:00:00:00:00:00:04
00:D3:1B:DE:7B:63:AD:BE:AB:40:F5:DE:EB:AF:00:00:00:00:00:00:00:93
00:D3:F1:C4:4D:7D:13:93:99:05:F5:DE:EB:BD:00:00:00:00:00:00:00:EF
00:D3:EA:C9:FB:44:CC:9C:16:0E:F5:DE:EB:BF:00:00:00:00:00:00:00:32
00:D3:C7:02:17:60:9D:A7:1B:2A:F5:DE:EB:BB:00:00:00:00:00:00:00:EB
00:D3:4C:09:5F:68:1C:8E:01:02:F5:DE:EB:AB:00:00:00:00:00:00:00:FB
00:D3:DC:C7:D0:EE:52:F2:AC:3A:F5:DE:EC:3B:00:00:00:00:00:00:00:A8
00:D3:07:BD:61:B5:81:E3:60:05:F5:DE:EB:C9:00:00:00:00:00:00:00:03
00:D3:4C:09:5F:68:1C:8E:01:02:F5:DE:EB:AB:00:00:00:00:00:00:00:FB
00:D3:36:76:60:E2:C3:5D:84:08:F5:DE:EB:C5:00:00:00:00:00:00:00:10
00:D3:C7:02:17:60:9D:A7:1B:2A:F5:DE:EB:BB:00:00:00:00:00:00:00:EB
00:D3:32:68:38:4F:46:6A:D4:13:F5:DE:EB:B3:00:00:00:00:00:00:00:04
00:D3:F1:C4:4D:7D:13:93:99:05:F5:DE:EB:BD:00:00:00:00:00:00:00:EF
00:D3:1F:F9:F8:36:CD:C3:F7:93:F5:DE:EB:A3:00:00:00:00:00:00:00:6C
00:D3:66:BA:AF:A5:A0:20:E1:E1:F5:DE:EB:B9:00:00:00:00:00:00:00:C0
00:40:00:55:6B
00:D3:2C:31:75:FA:AA:62:49:6C:F5:DE:EB:DE:00:00:00:00:00:00:00:04
B4:D3:55:7D:C6:37:0D:A5:F6:06:F5:DE:EB:A1:00:00:00:00:00:00:00:9D
00:40:00:55:6B
00:D3:2C:31:75:FA:AA:62:49:6C:F5:DE:EB:DE:00:00:00:00:00:00:00:04
00:40:00:55:6B
00:D3:2C:31:75:FA:AA:62:49:6C:F5:DE:EB:DE:00:00:00:00:00:00:00:04
00:40:00:55:6B
00:D3:2C:31:75:FA:AA:62:49:6C:F5:DE:EB:DE:00:00:00:00:00:00:00:04
00:40:00:55:6B
00:D3:2C:31:75:FA:AA:62:49:6C:F5:DE:EB:DE:00:00:00:00:00:00:00:04
00:D3:66:BA:AF:A5:A0:20:E1:E1:F5:DE:EB:B9:00:00:00:00:00:00:00:C0
00:D3:E0:9C:61:1A:76:2B:CE:92:F5:DE:EB:C7:00:00:00:00:00:00:00:B0
00:D3:77:00:5F:82:86:41:2C:6E:F5:DE:EB:DF:00:00:00:00:00:00:00:D7
00:D3:DC:C7:D0:EE:52:F2:AC:3A:F5:DE:EC:3B:00:00:00:00:00:00:00:A8
00:D3:66:BA:AF:A5:A0:20:E1:E1:F5:DE:EB:B9:00:00:00:00:00:00:00:C0
00:40:00:55:6B
00:D3:2C:31:75:FA:AA:62:49:6C:F5:DE:EB:DE:00:00:00:00:00:00:00:04
00:40:00:55:6B
00:D3:2C:31:75:FA:AA:62:49:6C:F5:DE:EB:DE:00:00:00:00:00:00:00:04
00:40:00:55:6B
00:D3:2C:31:75:FA:AA:62:49:6C:F5:DE:EB:DE:00:00:00:00:00:00:00:04
B4:D3:55:7D:C6:37:0D:A5:F6:06:F5:DE:EB:A1:00:00:00:00:00:00:00:9D
00:40:00:55:6B
00:D3:2C:31:75:FA:AA:62:49:6C:F5:DE:EB:DE:00:00:00:00:00:00:00:04