00:D3:99:68:C5:51:44:1C:A4:7A:F5:DE:F0:D4:00:00:00:00:00:00:00:01
00:40:00:55:6B
00:D3:2C:31:75:FA:AA:62:49:6C:F5:DE:EB:DE:00:00:00:00:00:00:00:04
00:D3:FD:BF:3B:6D:24:C5:A0:4E:F5:DE:ED:E4:00:00:00:00:00:00:00:4E
00:40:00:55:6B
00:D3:2C:31:75:FA:AA:62:49:6C:F5:DE:EB:DE:00:00:00:00:00:00:00:04
B4:D3:55:7D:C6:37:0D:A5:F6:06:F5:DE:EB:A1:00:00:00:00:00:00:00:9D
00:40:00:55:6B
00:D3:2C:31:75:FA:AA:62:49:6C:F5:DE:EB:DE:00:00:00:00:00:00:00:04
00:40:00:55:6B
00:D3:2C:31:75:FA:AA:62:49:6C:F5:DE:EB:DE:00:00:00:00:00:00:00:04
00:40:00:55:6B
00:D3:2C:31:75:FA:AA:62:49:6C:F5:DE:EB:DE:00:00:00:00:00:00:00:04
00:40:00:55:6B
00:D3:2C:31:75:FA:AA:62:49:6C:F5:DE:EB:DE:00:00:00:00:00:00:00:04
00:40:00:55:6B
00:D3:2C:31:75:FA:AA:62:49:6C:F5:DE:EB:DE:00:00:00:00:00:00:00:04
00:40:00:55:6B
00:D3:2C:31:75:FA:AA:62:49:6C:F5:DE:EB:DE:00:00:00:00:00:00:00:04
00:40:00:55:6B
00:D3:2C:31:75:FA:AA:62:49:6C:F5:DE:EB:DE:00:00:00:00:00:00:00:04
00:40:00:55:6B
00:D3:2C:31:75:FA:AA:62:49:6C:F5:DE:EB:DE:00:00:00:00:00:00:00:04
00:40:00:55:6B
00:D3:2C:31:75:FA:AA:62:49:6C:F5:DE:EB:DE:00:00:00:00:00:00:00:04
00:D3:F4:B4:DC:82:18:2A:5F:22:F5:DE:EC:0D:00:00:00:00:00:00:00:98
00:40:00:55:6B
00:D3:2C:31:75:FA:AA:62:49:6C:F5:DE:EB:DE:00:00:00:00:00:00:00:04
B4:D3:55:7D:C6:37:0D:A5:F6:06:F5:DE:EB:A1:00:00:00:00:00:00:00:9D
00:40:00:55:6B
00:D3:2C:31:75:FA:AA:62:49:6C:F5:DE:EB:DE:00:00:00:00:00:00:00:04
00:D3:F4:B4:DC:82:18:2A:5F:22:F5:DE:EC:0D:00:00:00:00:00:00:00:98
00:40:00:55:6B
00:D3:2C:31:75:FA:AA:62:49:6C:F5:DE:EB:DE:00:00:00:00:00:00:00:04
B4:D3:55:7D:C6:37:0D:A5:F6:06:F5:DE:EB:A1:00:00:00:00:00:00:00:9D
00:40:00:55:6B
00:D3:2C:31:75:FA:AA:62:49:6C:F5:DE:EB:DE:00:00:00:00:00:00:00:04